0 info it worked if it ends with ok
1 verbose cli [ 'C:\\Program Files\\nodejs\\node.exe',
1 verbose cli   'C:\\Program Files\\nodejs\\node_modules\\npm\\bin\\npm-cli.js',
1 verbose cli   'publish' ]
2 info using npm@2.15.9
3 info using node@v4.5.0
4 verbose publish [ '.' ]
5 silly cache add args [ '.', null ]
6 verbose cache add spec .
7 silly cache add parsed spec Result {
7 silly cache add   raw: '.',
7 silly cache add   scope: null,
7 silly cache add   name: null,
7 silly cache add   rawSpec: '.',
7 silly cache add   spec: 'C:\\Users\\rages\\code\\node-oauth',
7 silly cache add   type: 'directory' }
8 verbose addLocalDirectory C:\Users\rages\AppData\Roaming\npm-cache\shippable-bbs-oauth\0.9.14\package.tgz not in flight; packing
9 verbose correctMkdir C:\Users\rages\AppData\Roaming\npm-cache correctMkdir not in flight; initializing
10 verbose tar pack [ 'C:\\Users\\rages\\AppData\\Roaming\\npm-cache\\shippable-bbs-oauth\\0.9.14\\package.tgz',
10 verbose tar pack   'C:\\Users\\rages\\code\\node-oauth' ]
11 verbose tarball C:\Users\rages\AppData\Roaming\npm-cache\shippable-bbs-oauth\0.9.14\package.tgz
12 verbose folder C:\Users\rages\code\node-oauth
13 info prepublish shippable-bbs-oauth@0.9.14
14 verbose addLocalTarball adding from inside cache C:\Users\rages\AppData\Roaming\npm-cache\shippable-bbs-oauth\0.9.14\package.tgz
15 verbose correctMkdir C:\Users\rages\AppData\Roaming\npm-cache correctMkdir not in flight; initializing
16 silly cache afterAdd shippable-bbs-oauth@0.9.14
17 verbose afterAdd C:\Users\rages\AppData\Roaming\npm-cache\shippable-bbs-oauth\0.9.14\package\package.json not in flight; writing
18 verbose correctMkdir C:\Users\rages\AppData\Roaming\npm-cache correctMkdir not in flight; initializing
19 verbose afterAdd C:\Users\rages\AppData\Roaming\npm-cache\shippable-bbs-oauth\0.9.14\package\package.json written
20 silly publish { name: 'shippable-bbs-oauth',
20 silly publish   description: 'A fork of the oauth package that can talk to BitBucket Server',
20 silly publish   version: '0.9.14',
20 silly publish   directories: { lib: './lib' },
20 silly publish   main: 'index.js',
20 silly publish   author: { name: 'Ragesh Krishna', email: 'ragesh@shippable.com' },
20 silly publish   repository:
20 silly publish    { type: 'git',
20 silly publish      url: 'git+ssh://git@github.com/rageshkrishna/node-oauth.git' },
20 silly publish   devDependencies: { vows: '0.5.x' },
20 silly publish   scripts: { test: 'make test' },
20 silly publish   licenses:
20 silly publish    [ { type: 'MIT',
20 silly publish        url: 'http://github.com/ciaranj/node-oauth/raw/master/LICENSE' } ],
20 silly publish   readme: '﻿shippable-bbs-oauth\r\n===========\r\n\r\nA fork of [node-oauth](https://github.com/ciaranj/node-oauth) that can set custom Content-Type headers.\r\n\r\n\r\nInstallation\r\n============== \r\n\r\n    $ npm install shippable-bbs-oauth\r\n\r\n\r\nExamples\r\n==========\r\n\r\nTo run examples/tests install Mocha `$ npm install -g mocha` and run `$ mocha you-file-name.js`:\r\n\r\n## OAuth1.0\r\n\r\n```javascript\r\ndescribe(\'OAuth1.0\',function(){\r\n  var OAuth = require(\'oauth\');\r\n\r\n  it(\'tests trends Twitter API v1.1\',function(done){\r\n    var oauth = new OAuth.OAuth(\r\n      \'https://api.twitter.com/oauth/request_token\',\r\n      \'https://api.twitter.com/oauth/access_token\',\r\n      \'your application consumer key\',\r\n      \'your application secret\',\r\n      \'1.0A\',\r\n      null,\r\n      \'HMAC-SHA1\'\r\n    );\r\n    oauth.get(\r\n      \'https://api.twitter.com/1.1/trends/place.json?id=23424977\',\r\n      \'your user token for this app\', //test user token\r\n      \'your user secret for this app\', //test user secret            \r\n      function (e, data, res){\r\n        if (e) console.error(e);        \r\n        console.log(require(\'util\').inspect(data));\r\n        done();      \r\n      });    \r\n  });\r\n});\r\n```\r\n\r\n## OAuth2.0 \r\n```javascript\r\ndescribe(\'OAuth2\',function(){\r\n  var OAuth = require(\'oauth\');\r\n\r\n   it(\'gets bearer token\', function(done){\r\n     var OAuth2 = OAuth.OAuth2;    \r\n     var twitterConsumerKey = \'your key\';\r\n     var twitterConsumerSecret = \'your secret\';\r\n     var oauth2 = new OAuth2(server.config.keys.twitter.consumerKey,\r\n       twitterConsumerSecret, \r\n       \'https://api.twitter.com/\', \r\n       null,\r\n       \'oauth2/token\', \r\n       null);\r\n     oauth2.getOAuthAccessToken(\r\n       \'\',\r\n       {\'grant_type\':\'client_credentials\'},\r\n       function (e, access_token, refresh_token, results){\r\n       console.log(\'bearer: \',access_token);\r\n       done();\r\n     });\r\n   });\r\n```\r\n\r\nChange History\r\n============== \r\n* 0.9.15\r\n    - OAuth: Allow Content-Type to be set on GET and DELETE requests\r\n* 0.9.14\r\n    - OAuth2:   Extend \'successful\' token responses to include anything in the 2xx range.\r\n',
20 silly publish   readmeFilename: 'Readme.md',
20 silly publish   gitHead: '5b597d9f5d086fb130336bb89aa2b83a605a96d0',
20 silly publish   bugs: { url: 'https://github.com/rageshkrishna/node-oauth/issues' },
20 silly publish   homepage: 'https://github.com/rageshkrishna/node-oauth#readme',
20 silly publish   _id: 'shippable-bbs-oauth@0.9.14',
20 silly publish   _shasum: '1dbe64418ac28bffb061141df5964186897326cb',
20 silly publish   _from: '.' }
21 verbose getPublishConfig undefined
22 silly mapToRegistry name shippable-bbs-oauth
23 silly mapToRegistry using default registry
24 silly mapToRegistry registry https://registry.npmjs.org/
25 silly mapToRegistry data Result {
25 silly mapToRegistry   raw: 'shippable-bbs-oauth',
25 silly mapToRegistry   scope: null,
25 silly mapToRegistry   name: 'shippable-bbs-oauth',
25 silly mapToRegistry   rawSpec: '',
25 silly mapToRegistry   spec: 'latest',
25 silly mapToRegistry   type: 'tag' }
26 silly mapToRegistry uri https://registry.npmjs.org/shippable-bbs-oauth
27 verbose publish registryBase https://registry.npmjs.org/
28 silly publish uploading C:\Users\rages\AppData\Roaming\npm-cache\shippable-bbs-oauth\0.9.14\package.tgz
29 verbose request uri https://registry.npmjs.org/shippable-bbs-oauth
30 verbose request sending authorization for write operation
31 info attempt registry request try #1 at 3:50:38 PM
32 verbose request using bearer token for auth
33 verbose request id 655963eafddc320b
34 http request PUT https://registry.npmjs.org/shippable-bbs-oauth
35 http 403 https://registry.npmjs.org/shippable-bbs-oauth
36 verbose headers { 'content-type': 'application/json',
36 verbose headers   'cache-control': 'max-age=300',
36 verbose headers   'content-length': '129',
36 verbose headers   'accept-ranges': 'bytes',
36 verbose headers   date: 'Mon, 29 Aug 2016 10:20:40 GMT',
36 verbose headers   via: '1.1 varnish',
36 verbose headers   connection: 'keep-alive',
36 verbose headers   'x-served-by': 'cache-sin6922-SIN',
36 verbose headers   'x-cache': 'MISS',
36 verbose headers   'x-cache-hits': '0',
36 verbose headers   'x-timer': 'S1472466039.381431,VS0,VE1017',
36 verbose headers   vary: 'Accept-Encoding' }
37 verbose request invalidating C:\Users\rages\AppData\Roaming\npm-cache\registry.npmjs.org\shippable-bbs-oauth on PUT
38 error publish Failed PUT 403
39 verbose stack Error: "You cannot publish over the previously published version 0.9.14. Try bumping the version to 1.0.0" : shippable-bbs-oauth
39 verbose stack     at makeError (C:\Program Files\nodejs\node_modules\npm\node_modules\npm-registry-client\lib\request.js:264:12)
39 verbose stack     at CachingRegistryClient.<anonymous> (C:\Program Files\nodejs\node_modules\npm\node_modules\npm-registry-client\lib\request.js:252:14)
39 verbose stack     at Request._callback (C:\Program Files\nodejs\node_modules\npm\node_modules\npm-registry-client\lib\request.js:172:14)
39 verbose stack     at Request.self.callback (C:\Program Files\nodejs\node_modules\npm\node_modules\request\request.js:200:22)
39 verbose stack     at emitTwo (events.js:87:13)
39 verbose stack     at Request.emit (events.js:172:7)
39 verbose stack     at Request.<anonymous> (C:\Program Files\nodejs\node_modules\npm\node_modules\request\request.js:1067:10)
39 verbose stack     at emitOne (events.js:82:20)
39 verbose stack     at Request.emit (events.js:169:7)
39 verbose stack     at IncomingMessage.<anonymous> (C:\Program Files\nodejs\node_modules\npm\node_modules\request\request.js:988:12)
40 verbose statusCode 403
41 verbose pkgid shippable-bbs-oauth
42 verbose cwd C:\Users\rages\code\node-oauth
43 error Windows_NT 10.0.14393
44 error argv "C:\\Program Files\\nodejs\\node.exe" "C:\\Program Files\\nodejs\\node_modules\\npm\\bin\\npm-cli.js" "publish"
45 error node v4.5.0
46 error npm  v2.15.9
47 error code E403
48 error "You cannot publish over the previously published version 0.9.14. Try bumping the version to 1.0.0" : shippable-bbs-oauth
49 error If you need help, you may report this error at:
49 error     <https://github.com/npm/npm/issues>
50 verbose exit [ 1, true ]
